<?xml version="1.0" encoding="UTF-8"?>
<!-- Generated by org.testng.reporters.JUnitReportReporter -->
<testsuite hostname="DESKTOP-N809GO2" failures="0" tests="1" name="Testing.test" time="70.757" errors="0" timestamp="2024-05-10T00:26:28 IST" skipped="0">
  <testcase classname="Testing.test" name="loginTest" time="70.757"/>
</testsuite> <!-- Testing.test -->
