<?xml version="1.0" encoding="UTF-8"?>
<!-- Generated by org.testng.reporters.JUnitReportReporter -->
<testsuite hostname="DESKTOP-N809GO2" failures="0" tests="1" name="UI_Testing.UITesting" time="239.190" errors="0" timestamp="2024-05-10T00:31:06 IST" skipped="0">
  <testcase classname="UI_Testing.UITesting" name="UITestUrl" time="239.190"/>
</testsuite> <!-- UI_Testing.UITesting -->
